<?xml version="1.0" encoding="UTF-8"?>
<!-- Generated by org.testng.reporters.JUnitReportReporter -->
<testsuite hostname="Anchals-MacBook-Pro.local" failures="0" tests="1" name="com.cucumberFramework.testRunner.TestRunnerTest" time="0.048" errors="0" timestamp="2022-07-13T00:51:29 IST" skipped="0">
  <testcase classname="com.cucumberFramework.testRunner.TestRunnerTest" name="f" time="0.048"/>
  <system-out/>
</testsuite> <!-- com.cucumberFramework.testRunner.TestRunnerTest -->
